<?xml version="1.0" encoding="UTF-8"?>
<testsuite name="com.sk.skala.shopapi.ShopApiApplicationTests" tests="1" skipped="0" failures="0" errors="0" timestamp="2026-08-09T13:08:19" hostname="choeinseoui-MacBookPro.local" time="0.001">
  <properties/>
  <testcase name="contextLoads()" classname="com.sk.skala.shopapi.ShopApiApplicationTests" time="0.001"/>
  <system-out><![CDATA[2026-08-09T22:08:18.613+09:00  INFO 11086 --- [skala-shop-api] [    Test worker] t.c.s.AnnotationConfigContextLoaderUtils : Could not detect default configuration classes for test class [com.sk.skala.shopapi.ShopApiApplicationTests]: ShopApiApplicationTests does not declare any static, non-private, non-final, nested classes annotated with @Configuration.
2026-08-09T22:08:18.615+09:00  INFO 11086 --- [skala-shop-api] [    Test worker] .b.t.c.SpringBootTestContextBootstrapper : Found @SpringBootConfiguration com.sk.skala.shopapi.ShopApiApplication for test class com.sk.skala.shopapi.ShopApiApplicationTests
  .   ____          _            __ _ _
 /\\ / ___'_ __ _ _(_)_ __  __ _ \ \ \ \
( ( )\___ | '_ | '_| | '_ \/ _` | \ \ \ \
 \\/  ___)| |_)| | | | | || (_| |  ) ) ) )
  '  |____| .__|_| |_|_| |_\__, | / / / /
 =========|_|==============|___/=/_/_/_/

 :: Spring Boot ::                (v3.3.0)

2026-08-09T22:08:18.623+09:00  INFO 11086 --- [skala-shop-api] [    Test worker] c.s.s.shopapi.ShopApiApplicationTests    : Starting ShopApiApplicationTests using Java 21.0.11 with PID 11086 (started by choeinseo in /Users/choeinseo/skala-Spring/KKLAB)
2026-08-09T22:08:18.623+09:00 DEBUG 11086 --- [skala-shop-api] [    Test worker] c.s.s.shopapi.ShopApiApplicationTests    : Running with Spring Boot v3.3.0, Spring v6.1.8
2026-08-09T22:08:18.623+09:00  INFO 11086 --- [skala-shop-api] [    Test worker] c.s.s.shopapi.ShopApiApplicationTests    : No active profile set, falling back to 1 default profile: "default"
2026-08-09T22:08:18.682+09:00  INFO 11086 --- [skala-shop-api] [    Test worker] .s.d.r.c.RepositoryConfigurationDelegate : Bootstrapping Spring Data JPA repositories in DEFAULT mode.
2026-08-09T22:08:18.686+09:00  INFO 11086 --- [skala-shop-api] [    Test worker] .s.d.r.c.RepositoryConfigurationDelegate : Finished Spring Data repository scanning in 3 ms. Found 5 JPA repository interfaces.
2026-08-09T22:08:18.720+09:00  INFO 11086 --- [skala-shop-api] [    Test worker] o.hibernate.jpa.internal.util.LogHelper  : HHH000204: Processing PersistenceUnitInfo [name: default]
2026-08-09T22:08:18.720+09:00  INFO 11086 --- [skala-shop-api] [    Test worker] o.h.c.internal.RegionFactoryInitiator    : HHH000026: Second-level cache disabled
2026-08-09T22:08:18.723+09:00  INFO 11086 --- [skala-shop-api] [    Test worker] o.s.o.j.p.SpringPersistenceUnitInfo      : No LoadTimeWeaver setup: ignoring JPA class transformer
2026-08-09T22:08:18.723+09:00  INFO 11086 --- [skala-shop-api] [    Test worker] com.zaxxer.hikari.HikariDataSource       : HikariPool-2 - Starting...
2026-08-09T22:08:18.723+09:00  INFO 11086 --- [skala-shop-api] [    Test worker] com.zaxxer.hikari.pool.HikariPool        : HikariPool-2 - Added connection conn10: url=jdbc:h2:mem:shopdb user=SA
2026-08-09T22:08:18.723+09:00  INFO 11086 --- [skala-shop-api] [    Test worker] com.zaxxer.hikari.HikariDataSource       : HikariPool-2 - Start completed.
2026-08-09T22:08:18.755+09:00  INFO 11086 --- [skala-shop-api] [    Test worker] o.h.e.t.j.p.i.JtaPlatformInitiator       : HHH000489: No JTA platform available (set 'hibernate.transaction.jta.platform' to enable JTA platform integration)
Hibernate: 
    drop table if exists customer cascade 
Hibernate: 
    drop table if exists order_item cascade 
Hibernate: 
    drop table if exists orders cascade 
Hibernate: 
    drop table if exists point_history cascade 
Hibernate: 
    drop table if exists product cascade 
Hibernate: 
    create table customer (
        created_at timestamp(6),
        customer_point bigint not null,
        customer_id varchar(255) not null,
        customer_name varchar(255),
        customer_password varchar(255) not null,
        email varchar(255) unique,
        phone varchar(255),
        role varchar(255) not null,
        primary key (customer_id)
    )
Hibernate: 
    create table order_item (
        quantity integer not null,
        id bigint generated by default as identity,
        order_id bigint,
        product_id bigint,
        unit_price bigint not null,
        item_status varchar(255) not null,
        product_name varchar(255) not null,
        primary key (id)
    )
Hibernate: 
    create table orders (
        id bigint generated by default as identity,
        ordered_at timestamp(6),
        total_amount bigint not null,
        address1 varchar(255),
        address2 varchar(255),
        customer_id varchar(255),
        delivery_memo varchar(255),
        order_number varchar(255) unique,
        receiver_name varchar(255),
        receiver_phone varchar(255),
        status varchar(255) not null,
        zipcode varchar(255),
        primary key (id)
    )
Hibernate: 
    create table point_history (
        amount bigint not null,
        balance bigint not null,
        created_at timestamp(6),
        id bigint generated by default as identity,
        order_id bigint,
        customer_id varchar(255),
        reason varchar(255),
        type varchar(255) not null,
        primary key (id)
    )
Hibernate: 
    create table product (
        like_count integer,
        review_count integer,
        sales_count integer,
        sound_level integer,
        stock_quantity integer not null,
        stretch_level integer,
        category_id bigint,
        created_at timestamp(6),
        id bigint generated by default as identity,
        product_price bigint not null,
        description varchar(2000),
        product_name varchar(255) not null,
        scent varchar(255),
        status varchar(255) not null,
        texture varchar(255),
        primary key (id)
    )
Hibernate: 
    alter table if exists order_item 
       add constraint FKt4dc2r9nbvbujrljv3e23iibt 
       foreign key (order_id) 
       references orders
Hibernate: 
    alter table if exists order_item 
       add constraint FK551losx9j75ss5d6bfsqvijna 
       foreign key (product_id) 
       references product
Hibernate: 
    alter table if exists orders 
       add constraint FK624gtjin3po807j3vix093tlf 
       foreign key (customer_id) 
       references customer
Hibernate: 
    alter table if exists point_history 
       add constraint FK7bpnpboxysn3thylch3iinho2 
       foreign key (customer_id) 
       references customer
2026-08-09T22:08:18.760+09:00  INFO 11086 --- [skala-shop-api] [    Test worker] j.LocalContainerEntityManagerFactoryBean : Initialized JPA EntityManagerFactory for persistence unit 'default'
2026-08-09T22:08:18.878+09:00  WARN 11086 --- [skala-shop-api] [    Test worker] JpaBaseConfiguration$JpaWebConfiguration : spring.jpa.open-in-view is enabled by default. Therefore, database queries may be performed during view rendering. Explicitly configure spring.jpa.open-in-view to disable this warning
2026-08-09T22:08:18.888+09:00  INFO 11086 --- [skala-shop-api] [    Test worker] o.s.b.a.w.s.WelcomePageHandlerMapping    : Adding welcome page: class path resource [static/index.html]
2026-08-09T22:08:18.997+09:00  INFO 11086 --- [skala-shop-api] [    Test worker] o.s.b.a.h2.H2ConsoleAutoConfiguration    : H2 console available at '/h2-console'. Database available at 'jdbc:h2:mem:shopdb'
2026-08-09T22:08:19.016+09:00  INFO 11086 --- [skala-shop-api] [    Test worker] o.s.b.a.e.web.EndpointLinksResolver      : Exposing 3 endpoints beneath base path '/actuator'
2026-08-09T22:08:19.026+09:00  INFO 11086 --- [skala-shop-api] [    Test worker] c.s.s.shopapi.ShopApiApplicationTests    : Started ShopApiApplicationTests in 0.41 seconds (process running for 3.204)
]]></system-out>
  <system-err><![CDATA[]]></system-err>
</testsuite>
